<html>
<head>
<title>TestNG:  Test</title>
<link href="../testng.css" rel="stylesheet" type="text/css" />
<link href="../my-testng.css" rel="stylesheet" type="text/css" />

<style type="text/css">
.log { display: none;} 
.stack-trace { display: none;} 
</style>
<script type="text/javascript">
<!--
function flip(e) {
  current = e.style.display;
  if (current == 'block') {
    e.style.display = 'none';
    return 0;
  }
  else {
    e.style.display = 'block';
    return 1;
  }
}

function toggleBox(szDivId, elem, msg1, msg2)
{
  var res = -1;  if (document.getElementById) {
    res = flip(document.getElementById(szDivId));
  }
  else if (document.all) {
    // this is the way old msie versions work
    res = flip(document.all[szDivId]);
  }
  if(elem) {
    if(res == 0) elem.innerHTML = msg1; else elem.innerHTML = msg2;
  }

}

function toggleAllBoxes() {
  if (document.getElementsByTagName) {
    d = document.getElementsByTagName('div');
    for (i = 0; i < d.length; i++) {
      if (d[i].className == 'log') {
        flip(d[i]);
      }
    }
  }
}

// -->
</script>

</head>
<body>
<h2 align='center'>Test</h2><table border='1' align="center">
<tr>
<td>Tests passed/Failed/Skipped:</td><td>15/3/0</td>
</tr><tr>
<td>Started on:</td><td>Fri Oct 08 14:50:42 IST 2021</td>
</tr>
<tr><td>Total time:</td><td>490 seconds (490426 ms)</td>
</tr><tr>
<td>Included groups:</td><td></td>
</tr><tr>
<td>Excluded groups:</td><td></td>
</tr>
</table><p/>
<small><i>(Hover the method name to see the test class name)</i></small><p/>
<table width='100%' border='1' class='invocation-failed'>
<tr><td colspan='4' align='center'><b>FAILED TESTS</b></td></tr>
<tr><td><b>Test method</b></td>
<td width="30%"><b>Exception</b></td>
<td width="10%"><b>Time (seconds)</b></td>
<td><b>Instance</b></td>
</tr>
<tr>
<td title='DemoMyRunner.DemoTestRunner.runScenario()'><b>runScenario</b><br>Test class: DemoMyRunner.DemoTestRunner<br>Test method: Runs Cucumber Scenarios<br>Parameters: "To validate the sucessful Navigation to Demo_blaze Confirm booking page.", "Optional[DemoBlaze Confirm booking Functionality]"</td>
<td><div><pre>io.cucumber.testng.UndefinedStepException: The step &apos;User is into confirm booking&apos; and 2 other step(s) are undefined.
You can implement these steps using the snippet(s) below:

@Given(&quot;User is into confirm booking&quot;)
public void user_is_into_confirm_booking() {
    // Write code here that turns the phrase above into concrete actions
    throw new io.cucumber.java.PendingException();
}
@When(&quot;User clicks Confirm Booking Button&quot;)
public void user_clicks_confirm_booking_button() {
    // Write code here that turns the phrase above into concrete actions
    throw new io.cucumber.java.PendingException();
}
@Then(&quot;User Gets Popup shows order is booked&quot;)
public void user_gets_popup_shows_order_is_booked() {
    // Write code here that turns the phrase above into concrete actions
    throw new io.cucumber.java.PendingException();
}

	at io.cucumber.core.runtime.TestCaseResultObserver.assertTestCasePassed(TestCaseResultObserver.java:69)
	at io.cucumber.testng.TestCaseResultObserver.assertTestCasePassed(TestCaseResultObserver.java:23)
	at io.cucumber.testng.TestNGCucumberRunner.lambda$runScenario$1(TestNGCucumberRunner.java:135)
	at io.cucumber.core.runtime.CucumberExecutionContext.runTestCase(CucumberExecutionContext.java:117)
	at io.cucumber.testng.TestNGCucumberRunner.runScenario(TestNGCucumberRunner.java:131)
	at io.cucumber.testng.AbstractTestNGCucumberTests.runScenario(AbstractTestNGCucumberTests.java:31)
	at java.base/java.util.ArrayList.forEach(ArrayList.java:1540)
... Removed 27 stack frames</pre></div><a href='#' onClick='toggleBox("stack-trace1259283097", this, "Click to show all stack frames", "Click to hide stack frames")'>Click to show all stack frames</a>
<div class='stack-trace' id='stack-trace1259283097'><pre>io.cucumber.testng.UndefinedStepException: The step &apos;User is into confirm booking&apos; and 2 other step(s) are undefined.
You can implement these steps using the snippet(s) below:

@Given(&quot;User is into confirm booking&quot;)
public void user_is_into_confirm_booking() {
    // Write code here that turns the phrase above into concrete actions
    throw new io.cucumber.java.PendingException();
}
@When(&quot;User clicks Confirm Booking Button&quot;)
public void user_clicks_confirm_booking_button() {
    // Write code here that turns the phrase above into concrete actions
    throw new io.cucumber.java.PendingException();
}
@Then(&quot;User Gets Popup shows order is booked&quot;)
public void user_gets_popup_shows_order_is_booked() {
    // Write code here that turns the phrase above into concrete actions
    throw new io.cucumber.java.PendingException();
}

	at io.cucumber.core.runtime.TestCaseResultObserver.assertTestCasePassed(TestCaseResultObserver.java:69)
	at io.cucumber.testng.TestCaseResultObserver.assertTestCasePassed(TestCaseResultObserver.java:23)
	at io.cucumber.testng.TestNGCucumberRunner.lambda$runScenario$1(TestNGCucumberRunner.java:135)
	at io.cucumber.core.runtime.CucumberExecutionContext.runTestCase(CucumberExecutionContext.java:117)
	at io.cucumber.testng.TestNGCucumberRunner.runScenario(TestNGCucumberRunner.java:131)
	at io.cucumber.testng.AbstractTestNGCucumberTests.runScenario(AbstractTestNGCucumberTests.java:31)
	at java.base/jdk.internal.reflect.NativeMethodAccessorImpl.invoke0(Native Method)
	at java.base/jdk.internal.reflect.NativeMethodAccessorImpl.invoke(NativeMethodAccessorImpl.java:62)
	at java.base/jdk.internal.reflect.DelegatingMethodAccessorImpl.invoke(DelegatingMethodAccessorImpl.java:43)
	at java.base/java.lang.reflect.Method.invoke(Method.java:566)
	at org.testng.internal.MethodInvocationHelper.invokeMethod(MethodInvocationHelper.java:133)
	at org.testng.internal.TestInvoker.invokeMethod(TestInvoker.java:598)
	at org.testng.internal.TestInvoker.invokeTestMethod(TestInvoker.java:173)
	at org.testng.internal.MethodRunner.runInSequence(MethodRunner.java:46)
	at org.testng.internal.TestInvoker$MethodInvocationAgent.invoke(TestInvoker.java:824)
	at org.testng.internal.TestInvoker.invokeTestMethods(TestInvoker.java:146)
	at org.testng.internal.TestMethodWorker.invokeTestMethods(TestMethodWorker.java:146)
	at org.testng.internal.TestMethodWorker.run(TestMethodWorker.java:128)
	at java.base/java.util.ArrayList.forEach(ArrayList.java:1540)
	at org.testng.TestRunner.privateRun(TestRunner.java:794)
	at org.testng.TestRunner.run(TestRunner.java:596)
	at org.testng.SuiteRunner.runTest(SuiteRunner.java:377)
	at org.testng.SuiteRunner.runSequentially(SuiteRunner.java:371)
	at org.testng.SuiteRunner.privateRun(SuiteRunner.java:332)
	at org.testng.SuiteRunner.run(SuiteRunner.java:276)
	at org.testng.SuiteRunnerWorker.runSuite(SuiteRunnerWorker.java:53)
	at org.testng.SuiteRunnerWorker.run(SuiteRunnerWorker.java:96)
	at org.testng.TestNG.runSuitesSequentially(TestNG.java:1212)
	at org.testng.TestNG.runSuitesLocally(TestNG.java:1134)
	at org.testng.TestNG.runSuites(TestNG.java:1063)
	at org.testng.TestNG.run(TestNG.java:1031)
	at org.testng.remote.AbstractRemoteTestNG.run(AbstractRemoteTestNG.java:115)
	at org.testng.remote.RemoteTestNG.initAndRun(RemoteTestNG.java:251)
	at org.testng.remote.RemoteTestNG.main(RemoteTestNG.java:77)
</pre></div></td>
<td>0</td>
<td>DemoMyRunner.DemoTestRunner@942a29c</td></tr>
<tr>
<td title='DemoMyRunner.DemoTestRunner.runScenario()'><b>runScenario</b><br>Test class: DemoMyRunner.DemoTestRunner<br>Test method: Runs Cucumber Scenarios<br>Parameters: "Test AddTo Cart Button", "Optional[DemoBlaze Buy Function]"</td>
<td><div><pre>org.openqa.selenium.NoSuchElementException: no such element: Unable to locate element: {&quot;method&quot;:&quot;xpath&quot;,&quot;selector&quot;:&quot;//*[@id=&quot;tbodyid&quot;]/div[1]/div/div/h4/a&quot;}
  (Session info: chrome=94.0.4606.71)
For documentation on this error, please visit: https://www.seleniumhq.org/exceptions/no_such_element.html
Build info: version: &apos;3.141.59&apos;, revision: &apos;e82be7d358&apos;, time: &apos;2018-11-14T08:17:03&apos;
System info: host: &apos;LAPTOP-2T0C603P&apos;, ip: &apos;192.168.225.147&apos;, os.name: &apos;Windows 10&apos;, os.arch: &apos;amd64&apos;, os.version: &apos;10.0&apos;, java.version: &apos;11.0.1&apos;
Driver info: org.openqa.selenium.chrome.ChromeDriver
Capabilities {acceptInsecureCerts: false, browserName: chrome, browserVersion: 94.0.4606.71, chrome: {chromedriverVersion: 94.0.4606.61 (418b78f5838ed..., userDataDir: C:\Users\ADARSH~1\AppData\L...}, goog:chromeOptions: {debuggerAddress: localhost:49178}, javascriptEnabled: true, networkConnectionEnabled: false, pageLoadStrategy: normal, platform: WINDOWS, platformName: WINDOWS, proxy: Proxy(), setWindowRect: true, strictFileInteractability: false, timeouts: {implicit: 0, pageLoad: 300000, script: 30000}, unhandledPromptBehavior: dismiss and notify, webauthn:extension:credBlob: true, webauthn:extension:largeBlob: true, webauthn:virtualAuthenticators: true}
Session ID: 69ff255fcb7ad6d7b58f95040959c6f2
*** Element info: {Using=xpath, value=//*[@id=&quot;tbodyid&quot;]/div[1]/div/div/h4/a}
	at org.openqa.selenium.remote.http.W3CHttpResponseCodec.createException(W3CHttpResponseCodec.java:187)
	at org.openqa.selenium.remote.http.W3CHttpResponseCodec.decode(W3CHttpResponseCodec.java:122)
	at org.openqa.selenium.remote.http.W3CHttpResponseCodec.decode(W3CHttpResponseCodec.java:49)
	at org.openqa.selenium.remote.HttpCommandExecutor.execute(HttpCommandExecutor.java:158)
	at org.openqa.selenium.remote.service.DriverCommandExecutor.execute(DriverCommandExecutor.java:83)
	at org.openqa.selenium.remote.RemoteWebDriver.execute(RemoteWebDriver.java:552)
	at org.openqa.selenium.remote.RemoteWebDriver.findElement(RemoteWebDriver.java:323)
	at org.openqa.selenium.remote.RemoteWebDriver.findElementByXPath(RemoteWebDriver.java:428)
	at org.openqa.selenium.By$ByXPath.findElement(By.java:353)
	at org.openqa.selenium.remote.RemoteWebDriver.findElement(RemoteWebDriver.java:315)
	at com.pages.BuyPage.selectItem(BuyPage.java:61)
	at DemoStepDef.BuyItem.user_selects_product(BuyItem.java:34)
	at ?.User Selects Product(file:///C:/Users/Adarsh2299/eclipse-workspace/DemoBlaze/src/test/java/DemoFeatures/Buy.feature:6)
... Removed 4 stack frames</pre></div><a href='#' onClick='toggleBox("stack-trace1172417096", this, "Click to show all stack frames", "Click to hide stack frames")'>Click to show all stack frames</a>
<div class='stack-trace' id='stack-trace1172417096'><pre>org.openqa.selenium.NoSuchElementException: no such element: Unable to locate element: {&quot;method&quot;:&quot;xpath&quot;,&quot;selector&quot;:&quot;//*[@id=&quot;tbodyid&quot;]/div[1]/div/div/h4/a&quot;}
  (Session info: chrome=94.0.4606.71)
For documentation on this error, please visit: https://www.seleniumhq.org/exceptions/no_such_element.html
Build info: version: &apos;3.141.59&apos;, revision: &apos;e82be7d358&apos;, time: &apos;2018-11-14T08:17:03&apos;
System info: host: &apos;LAPTOP-2T0C603P&apos;, ip: &apos;192.168.225.147&apos;, os.name: &apos;Windows 10&apos;, os.arch: &apos;amd64&apos;, os.version: &apos;10.0&apos;, java.version: &apos;11.0.1&apos;
Driver info: org.openqa.selenium.chrome.ChromeDriver
Capabilities {acceptInsecureCerts: false, browserName: chrome, browserVersion: 94.0.4606.71, chrome: {chromedriverVersion: 94.0.4606.61 (418b78f5838ed..., userDataDir: C:\Users\ADARSH~1\AppData\L...}, goog:chromeOptions: {debuggerAddress: localhost:49178}, javascriptEnabled: true, networkConnectionEnabled: false, pageLoadStrategy: normal, platform: WINDOWS, platformName: WINDOWS, proxy: Proxy(), setWindowRect: true, strictFileInteractability: false, timeouts: {implicit: 0, pageLoad: 300000, script: 30000}, unhandledPromptBehavior: dismiss and notify, webauthn:extension:credBlob: true, webauthn:extension:largeBlob: true, webauthn:virtualAuthenticators: true}
Session ID: 69ff255fcb7ad6d7b58f95040959c6f2
*** Element info: {Using=xpath, value=//*[@id=&quot;tbodyid&quot;]/div[1]/div/div/h4/a}
	at java.base/jdk.internal.reflect.NativeConstructorAccessorImpl.newInstance0(Native Method)
	at java.base/jdk.internal.reflect.NativeConstructorAccessorImpl.newInstance(NativeConstructorAccessorImpl.java:62)
	at java.base/jdk.internal.reflect.DelegatingConstructorAccessorImpl.newInstance(DelegatingConstructorAccessorImpl.java:45)
	at java.base/java.lang.reflect.Constructor.newInstance(Constructor.java:490)
	at org.openqa.selenium.remote.http.W3CHttpResponseCodec.createException(W3CHttpResponseCodec.java:187)
	at org.openqa.selenium.remote.http.W3CHttpResponseCodec.decode(W3CHttpResponseCodec.java:122)
	at org.openqa.selenium.remote.http.W3CHttpResponseCodec.decode(W3CHttpResponseCodec.java:49)
	at org.openqa.selenium.remote.HttpCommandExecutor.execute(HttpCommandExecutor.java:158)
	at org.openqa.selenium.remote.service.DriverCommandExecutor.execute(DriverCommandExecutor.java:83)
	at org.openqa.selenium.remote.RemoteWebDriver.execute(RemoteWebDriver.java:552)
	at org.openqa.selenium.remote.RemoteWebDriver.findElement(RemoteWebDriver.java:323)
	at org.openqa.selenium.remote.RemoteWebDriver.findElementByXPath(RemoteWebDriver.java:428)
	at org.openqa.selenium.By$ByXPath.findElement(By.java:353)
	at org.openqa.selenium.remote.RemoteWebDriver.findElement(RemoteWebDriver.java:315)
	at com.pages.BuyPage.selectItem(BuyPage.java:61)
	at DemoStepDef.BuyItem.user_selects_product(BuyItem.java:34)
	at ?.User Selects Product(file:///C:/Users/Adarsh2299/eclipse-workspace/DemoBlaze/src/test/java/DemoFeatures/Buy.feature:6)
</pre></div></td>
<td>107</td>
<td>DemoMyRunner.DemoTestRunner@942a29c</td></tr>
<tr>
<td title='DemoMyRunner.DemoTestRunner.runScenario()'><b>runScenario</b><br>Test class: DemoMyRunner.DemoTestRunner<br>Test method: Runs Cucumber Scenarios<br>Parameters: "Test Login Functionality", "Optional[DemoBlaze Login Functionality]"</td>
<td><div><pre>org.openqa.selenium.StaleElementReferenceException: stale element reference: element is not attached to the page document
  (Session info: chrome=94.0.4606.71)
For documentation on this error, please visit: https://www.seleniumhq.org/exceptions/stale_element_reference.html
Build info: version: &apos;3.141.59&apos;, revision: &apos;e82be7d358&apos;, time: &apos;2018-11-14T08:17:03&apos;
System info: host: &apos;LAPTOP-2T0C603P&apos;, ip: &apos;192.168.225.147&apos;, os.name: &apos;Windows 10&apos;, os.arch: &apos;amd64&apos;, os.version: &apos;10.0&apos;, java.version: &apos;11.0.1&apos;
Driver info: org.openqa.selenium.chrome.ChromeDriver
Capabilities {acceptInsecureCerts: false, browserName: chrome, browserVersion: 94.0.4606.71, chrome: {chromedriverVersion: 94.0.4606.61 (418b78f5838ed..., userDataDir: C:\Users\ADARSH~1\AppData\L...}, goog:chromeOptions: {debuggerAddress: localhost:63512}, javascriptEnabled: true, networkConnectionEnabled: false, pageLoadStrategy: normal, platform: WINDOWS, platformName: WINDOWS, proxy: Proxy(), setWindowRect: true, strictFileInteractability: false, timeouts: {implicit: 0, pageLoad: 300000, script: 30000}, unhandledPromptBehavior: dismiss and notify, webauthn:extension:credBlob: true, webauthn:extension:largeBlob: true, webauthn:virtualAuthenticators: true}
Session ID: b2a20a23e2f02ba6756e4e29df78aa17
	at org.openqa.selenium.remote.http.W3CHttpResponseCodec.createException(W3CHttpResponseCodec.java:187)
	at org.openqa.selenium.remote.http.W3CHttpResponseCodec.decode(W3CHttpResponseCodec.java:122)
	at org.openqa.selenium.remote.http.W3CHttpResponseCodec.decode(W3CHttpResponseCodec.java:49)
	at org.openqa.selenium.remote.HttpCommandExecutor.execute(HttpCommandExecutor.java:158)
	at org.openqa.selenium.remote.service.DriverCommandExecutor.execute(DriverCommandExecutor.java:83)
	at org.openqa.selenium.remote.RemoteWebDriver.execute(RemoteWebDriver.java:552)
	at org.openqa.selenium.remote.RemoteWebElement.execute(RemoteWebElement.java:285)
	at org.openqa.selenium.remote.RemoteWebElement.isDisplayed(RemoteWebElement.java:326)
	at org.openqa.selenium.support.pagefactory.internal.LocatingElementHandler.invoke(LocatingElementHandler.java:51)
	at com.sun.proxy.$Proxy24.isDisplayed(Unknown Source)
	at org.openqa.selenium.support.ui.ExpectedConditions.elementIfVisible(ExpectedConditions.java:314)
	at org.openqa.selenium.support.ui.ExpectedConditions.access$000(ExpectedConditions.java:43)
	at org.openqa.selenium.support.ui.ExpectedConditions$10.apply(ExpectedConditions.java:300)
	at org.openqa.selenium.support.ui.ExpectedConditions$10.apply(ExpectedConditions.java:297)
	at org.openqa.selenium.support.ui.FluentWait.until(FluentWait.java:249)
	at com.pages.LoginPage.validateSuccessLogin(LoginPage.java:54)
	at DemoStepDef.LoginStepDef.luser_should_be_able_to_login_successfully(LoginStepDef.java:51)
	at ?.l-User should be able to Login successfully test(file:///C:/Users/Adarsh2299/eclipse-workspace/DemoBlaze/src/test/java/DemoFeatures/Login.feature:12)
... Removed 8 stack frames</pre></div><a href='#' onClick='toggleBox("stack-trace625232315", this, "Click to show all stack frames", "Click to hide stack frames")'>Click to show all stack frames</a>
<div class='stack-trace' id='stack-trace625232315'><pre>org.openqa.selenium.StaleElementReferenceException: stale element reference: element is not attached to the page document
  (Session info: chrome=94.0.4606.71)
For documentation on this error, please visit: https://www.seleniumhq.org/exceptions/stale_element_reference.html
Build info: version: &apos;3.141.59&apos;, revision: &apos;e82be7d358&apos;, time: &apos;2018-11-14T08:17:03&apos;
System info: host: &apos;LAPTOP-2T0C603P&apos;, ip: &apos;192.168.225.147&apos;, os.name: &apos;Windows 10&apos;, os.arch: &apos;amd64&apos;, os.version: &apos;10.0&apos;, java.version: &apos;11.0.1&apos;
Driver info: org.openqa.selenium.chrome.ChromeDriver
Capabilities {acceptInsecureCerts: false, browserName: chrome, browserVersion: 94.0.4606.71, chrome: {chromedriverVersion: 94.0.4606.61 (418b78f5838ed..., userDataDir: C:\Users\ADARSH~1\AppData\L...}, goog:chromeOptions: {debuggerAddress: localhost:63512}, javascriptEnabled: true, networkConnectionEnabled: false, pageLoadStrategy: normal, platform: WINDOWS, platformName: WINDOWS, proxy: Proxy(), setWindowRect: true, strictFileInteractability: false, timeouts: {implicit: 0, pageLoad: 300000, script: 30000}, unhandledPromptBehavior: dismiss and notify, webauthn:extension:credBlob: true, webauthn:extension:largeBlob: true, webauthn:virtualAuthenticators: true}
Session ID: b2a20a23e2f02ba6756e4e29df78aa17
	at java.base/jdk.internal.reflect.NativeConstructorAccessorImpl.newInstance0(Native Method)
	at java.base/jdk.internal.reflect.NativeConstructorAccessorImpl.newInstance(NativeConstructorAccessorImpl.java:62)
	at java.base/jdk.internal.reflect.DelegatingConstructorAccessorImpl.newInstance(DelegatingConstructorAccessorImpl.java:45)
	at java.base/java.lang.reflect.Constructor.newInstance(Constructor.java:490)
	at org.openqa.selenium.remote.http.W3CHttpResponseCodec.createException(W3CHttpResponseCodec.java:187)
	at org.openqa.selenium.remote.http.W3CHttpResponseCodec.decode(W3CHttpResponseCodec.java:122)
	at org.openqa.selenium.remote.http.W3CHttpResponseCodec.decode(W3CHttpResponseCodec.java:49)
	at org.openqa.selenium.remote.HttpCommandExecutor.execute(HttpCommandExecutor.java:158)
	at org.openqa.selenium.remote.service.DriverCommandExecutor.execute(DriverCommandExecutor.java:83)
	at org.openqa.selenium.remote.RemoteWebDriver.execute(RemoteWebDriver.java:552)
	at org.openqa.selenium.remote.RemoteWebElement.execute(RemoteWebElement.java:285)
	at org.openqa.selenium.remote.RemoteWebElement.isDisplayed(RemoteWebElement.java:326)
	at java.base/jdk.internal.reflect.NativeMethodAccessorImpl.invoke0(Native Method)
	at java.base/jdk.internal.reflect.NativeMethodAccessorImpl.invoke(NativeMethodAccessorImpl.java:62)
	at java.base/jdk.internal.reflect.DelegatingMethodAccessorImpl.invoke(DelegatingMethodAccessorImpl.java:43)
	at java.base/java.lang.reflect.Method.invoke(Method.java:566)
	at org.openqa.selenium.support.pagefactory.internal.LocatingElementHandler.invoke(LocatingElementHandler.java:51)
	at com.sun.proxy.$Proxy24.isDisplayed(Unknown Source)
	at org.openqa.selenium.support.ui.ExpectedConditions.elementIfVisible(ExpectedConditions.java:314)
	at org.openqa.selenium.support.ui.ExpectedConditions.access$000(ExpectedConditions.java:43)
	at org.openqa.selenium.support.ui.ExpectedConditions$10.apply(ExpectedConditions.java:300)
	at org.openqa.selenium.support.ui.ExpectedConditions$10.apply(ExpectedConditions.java:297)
	at org.openqa.selenium.support.ui.FluentWait.until(FluentWait.java:249)
	at com.pages.LoginPage.validateSuccessLogin(LoginPage.java:54)
	at DemoStepDef.LoginStepDef.luser_should_be_able_to_login_successfully(LoginStepDef.java:51)
	at ?.l-User should be able to Login successfully test(file:///C:/Users/Adarsh2299/eclipse-workspace/DemoBlaze/src/test/java/DemoFeatures/Login.feature:12)
</pre></div></td>
<td>27</td>
<td>DemoMyRunner.DemoTestRunner@942a29c</td></tr>
</table><p>
<table width='100%' border='1' class='invocation-passed'>
<tr><td colspan='4' align='center'><b>PASSED TESTS</b></td></tr>
<tr><td><b>Test method</b></td>
<td width="30%"><b>Exception</b></td>
<td width="10%"><b>Time (seconds)</b></td>
<td><b>Instance</b></td>
</tr>
<tr>
<td title='DemoMyRunner.DemoTestRunner.runScenario()'><b>runScenario</b><br>Test class: DemoMyRunner.DemoTestRunner<br>Test method: Runs Cucumber Scenarios<br>Parameters: "To validate that user can filter products by LAPTOP category", "Optional[DemoBlaze Search Functionality]"</td>
<td></td>
<td>11</td>
<td>DemoMyRunner.DemoTestRunner@942a29c</td></tr>
<tr>
<td title='DemoMyRunner.DemoTestRunner.runScenario()'><b>runScenario</b><br>Test class: DemoMyRunner.DemoTestRunner<br>Test method: Runs Cucumber Scenarios<br>Parameters: "Test online Payment Fuction", "Optional[DemoBlaze Buy Function]"</td>
<td></td>
<td>47</td>
<td>DemoMyRunner.DemoTestRunner@942a29c</td></tr>
<tr>
<td title='DemoMyRunner.DemoTestRunner.runScenario()'><b>runScenario</b><br>Test class: DemoMyRunner.DemoTestRunner<br>Test method: Runs Cucumber Scenarios<br>Parameters: "Test Registration Functionality", "Optional[DemoBlaze Registration Functionality]"</td>
<td></td>
<td>13</td>
<td>DemoMyRunner.DemoTestRunner@942a29c</td></tr>
<tr>
<td title='DemoMyRunner.DemoTestRunner.runScenario()'><b>runScenario</b><br>Test class: DemoMyRunner.DemoTestRunner<br>Test method: Runs Cucumber Scenarios<br>Parameters: "Test Login Functionality with invalid data.", "Optional[DemoBlaze Login Functionality]"</td>
<td></td>
<td>11</td>
<td>DemoMyRunner.DemoTestRunner@942a29c</td></tr>
<tr>
<td title='DemoMyRunner.DemoTestRunner.runScenario()'><b>runScenario</b><br>Test class: DemoMyRunner.DemoTestRunner<br>Test method: Runs Cucumber Scenarios<br>Parameters: "To validate that user can filter products by MONITORS category", "Optional[DemoBlaze Search Functionality]"</td>
<td></td>
<td>11</td>
<td>DemoMyRunner.DemoTestRunner@942a29c</td></tr>
<tr>
<td title='DemoMyRunner.DemoTestRunner.runScenario()'><b>runScenario</b><br>Test class: DemoMyRunner.DemoTestRunner<br>Test method: Runs Cucumber Scenarios<br>Parameters: "Test Registration Functionality", "Optional[DemoBlaze Registration Functionality]"</td>
<td></td>
<td>11</td>
<td>DemoMyRunner.DemoTestRunner@942a29c</td></tr>
<tr>
<td title='DemoMyRunner.DemoTestRunner.runScenario()'><b>runScenario</b><br>Test class: DemoMyRunner.DemoTestRunner<br>Test method: Runs Cucumber Scenarios<br>Parameters: "Test Buy Fuction for Invalid Address", "Optional[DemoBlaze Buy Function]"</td>
<td></td>
<td>24</td>
<td>DemoMyRunner.DemoTestRunner@942a29c</td></tr>
<tr>
<td title='DemoMyRunner.DemoTestRunner.runScenario()'><b>runScenario</b><br>Test class: DemoMyRunner.DemoTestRunner<br>Test method: Runs Cucumber Scenarios<br>Parameters: "To validate the successfully Navigation to Demo_blaze Login page", "Optional[DemoBlaze Login Functionality]"</td>
<td></td>
<td>58</td>
<td>DemoMyRunner.DemoTestRunner@942a29c</td></tr>
<tr>
<td title='DemoMyRunner.DemoTestRunner.runScenario()'><b>runScenario</b><br>Test class: DemoMyRunner.DemoTestRunner<br>Test method: Runs Cucumber Scenarios<br>Parameters: "To validate the sucessful Navigation to Demo_blaze Signup page", "Optional[DemoBlaze Registration Functionality]"</td>
<td></td>
<td>9</td>
<td>DemoMyRunner.DemoTestRunner@942a29c</td></tr>
<tr>
<td title='DemoMyRunner.DemoTestRunner.runScenario()'><b>runScenario</b><br>Test class: DemoMyRunner.DemoTestRunner<br>Test method: Runs Cucumber Scenarios<br>Parameters: "Test Buy PopUp Window", "Optional[DemoBlaze Buy Function]"</td>
<td></td>
<td>50</td>
<td>DemoMyRunner.DemoTestRunner@942a29c</td></tr>
<tr>
<td title='DemoMyRunner.DemoTestRunner.runScenario()'><b>runScenario</b><br>Test class: DemoMyRunner.DemoTestRunner<br>Test method: Runs Cucumber Scenarios<br>Parameters: "Test Login Functionality", "Optional[DemoBlaze Login Functionality]"</td>
<td></td>
<td>21</td>
<td>DemoMyRunner.DemoTestRunner@942a29c</td></tr>
<tr>
<td title='DemoMyRunner.DemoTestRunner.runScenario()'><b>runScenario</b><br>Test class: DemoMyRunner.DemoTestRunner<br>Test method: Runs Cucumber Scenarios<br>Parameters: "To validate that add to cart button is functional.", "Optional[DemoBlaze Search Functionality]"</td>
<td></td>
<td>15</td>
<td>DemoMyRunner.DemoTestRunner@942a29c</td></tr>
<tr>
<td title='DemoMyRunner.DemoTestRunner.runScenario()'><b>runScenario</b><br>Test class: DemoMyRunner.DemoTestRunner<br>Test method: Runs Cucumber Scenarios<br>Parameters: "Test Buy Fuction for Invalid CreditCard", "Optional[DemoBlaze Buy Function]"</td>
<td></td>
<td>38</td>
<td>DemoMyRunner.DemoTestRunner@942a29c</td></tr>
<tr>
<td title='DemoMyRunner.DemoTestRunner.runScenario()'><b>runScenario</b><br>Test class: DemoMyRunner.DemoTestRunner<br>Test method: Runs Cucumber Scenarios<br>Parameters: "To validate that user can filter products by PHONE category", "Optional[DemoBlaze Search Functionality]"</td>
<td></td>
<td>10</td>
<td>DemoMyRunner.DemoTestRunner@942a29c</td></tr>
<tr>
<td title='DemoMyRunner.DemoTestRunner.runScenario()'><b>runScenario</b><br>Test class: DemoMyRunner.DemoTestRunner<br>Test method: Runs Cucumber Scenarios<br>Parameters: "Test Login Functionality with invalid data.", "Optional[DemoBlaze Login Functionality]"</td>
<td></td>
<td>17</td>
<td>DemoMyRunner.DemoTestRunner@942a29c</td></tr>
</table><p>
</body>
</html>