<?xml version="1.0" encoding="UTF-8"?>
<!-- Generated by org.testng.reporters.JUnitReportReporter -->
<testsuite hostname="LAPTOP-2T0C603P" failures="0" tests="18" name="DemoMyRunner.DemoTestRunner" time="197.870" errors="1" timestamp="2021-10-11T13:07:35 IST" skipped="0">
  <testcase classname="DemoMyRunner.DemoTestRunner" name="runScenario" time="13.717"/>
  <system-out/>
  <testcase classname="DemoMyRunner.DemoTestRunner" name="runScenario" time="13.386"/>
  <system-out/>
  <testcase classname="DemoMyRunner.DemoTestRunner" name="runScenario" time="9.737"/>
  <system-out/>
  <testcase classname="DemoMyRunner.DemoTestRunner" name="runScenario" time="18.686"/>
  <system-out/>
  <testcase classname="DemoMyRunner.DemoTestRunner" name="runScenario" time="9.642"/>
  <system-out/>
  <testcase classname="DemoMyRunner.DemoTestRunner" name="runScenario" time="10.311"/>
  <system-out/>
  <testcase classname="DemoMyRunner.DemoTestRunner" name="runScenario" time="4.889"/>
  <system-out/>
  <testcase classname="DemoMyRunner.DemoTestRunner" name="runScenario" time="8.764"/>
  <system-out/>
  <testcase classname="DemoMyRunner.DemoTestRunner" name="runScenario" time="16.734"/>
  <system-out/>
  <testcase classname="DemoMyRunner.DemoTestRunner" name="runScenario" time="7.304"/>
  <system-out/>
  <testcase classname="DemoMyRunner.DemoTestRunner" name="runScenario" time="16.328">
    <error message="no such element: Unable to locate element: {&quot;method&quot;:&quot;xpath&quot;,&quot;selector&quot;:&quot;//*[@id=&quot;tbodyid&quot;]/div[1]/div/div/h4/a&quot;}
  (Session info: chrome=94.0.4606.81)
For documentation on this error, please visit: https://www.seleniumhq.org/exceptions/no_such_element.html
Build info: version: &#039;3.141.59&#039;, revision: &#039;e82be7d358&#039;, time: &#039;2018-11-14T08:17:03&#039;
System info: host: &#039;LAPTOP-2T0C603P&#039;, ip: &#039;192.168.225.147&#039;, os.name: &#039;Windows 10&#039;, os.arch: &#039;amd64&#039;, os.version: &#039;10.0&#039;, java.version: &#039;11.0.1&#039;
Driver info: org.openqa.selenium.chrome.ChromeDriver
Capabilities {acceptInsecureCerts: false, browserName: chrome, browserVersion: 94.0.4606.81, chrome: {chromedriverVersion: 94.0.4606.61 (418b78f5838ed..., userDataDir: C:\Users\ADARSH~1\AppData\L...}, goog:chromeOptions: {debuggerAddress: localhost:52084}, javascriptEnabled: true, networkConnectionEnabled: false, pageLoadStrategy: normal, platform: WINDOWS, platformName: WINDOWS, proxy: Proxy(), setWindowRect: true, strictFileInteractability: false, timeouts: {implicit: 0, pageLoad: 300000, script: 30000}, unhandledPromptBehavior: dismiss and notify, webauthn:extension:credBlob: true, webauthn:extension:largeBlob: true, webauthn:virtualAuthenticators: true}
Session ID: 39419de0b11900e629691b2b114eeff9
*** Element info: {Using=xpath, value=//*[@id=&quot;tbodyid&quot;]/div[1]/div/div/h4/a}" type="org.openqa.selenium.NoSuchElementException">
      <![CDATA[org.openqa.selenium.NoSuchElementException: no such element: Unable to locate element: {"method":"xpath","selector":"//*[@id="tbodyid"]/div[1]/div/div/h4/a"}
  (Session info: chrome=94.0.4606.81)
For documentation on this error, please visit: https://www.seleniumhq.org/exceptions/no_such_element.html
Build info: version: '3.141.59', revision: 'e82be7d358', time: '2018-11-14T08:17:03'
System info: host: 'LAPTOP-2T0C603P', ip: '192.168.225.147', os.name: 'Windows 10', os.arch: 'amd64', os.version: '10.0', java.version: '11.0.1'
Driver info: org.openqa.selenium.chrome.ChromeDriver
Capabilities {acceptInsecureCerts: false, browserName: chrome, browserVersion: 94.0.4606.81, chrome: {chromedriverVersion: 94.0.4606.61 (418b78f5838ed..., userDataDir: C:\Users\ADARSH~1\AppData\L...}, goog:chromeOptions: {debuggerAddress: localhost:52084}, javascriptEnabled: true, networkConnectionEnabled: false, pageLoadStrategy: normal, platform: WINDOWS, platformName: WINDOWS, proxy: Proxy(), setWindowRect: true, strictFileInteractability: false, timeouts: {implicit: 0, pageLoad: 300000, script: 30000}, unhandledPromptBehavior: dismiss and notify, webauthn:extension:credBlob: true, webauthn:extension:largeBlob: true, webauthn:virtualAuthenticators: true}
Session ID: 39419de0b11900e629691b2b114eeff9
*** Element info: {Using=xpath, value=//*[@id="tbodyid"]/div[1]/div/div/h4/a}
at java.base/jdk.internal.reflect.NativeConstructorAccessorImpl.newInstance0(Native Method)
at java.base/jdk.internal.reflect.NativeConstructorAccessorImpl.newInstance(NativeConstructorAccessorImpl.java:62)
at java.base/jdk.internal.reflect.DelegatingConstructorAccessorImpl.newInstance(DelegatingConstructorAccessorImpl.java:45)
at java.base/java.lang.reflect.Constructor.newInstance(Constructor.java:490)
at org.openqa.selenium.remote.http.W3CHttpResponseCodec.createException(W3CHttpResponseCodec.java:187)
at org.openqa.selenium.remote.http.W3CHttpResponseCodec.decode(W3CHttpResponseCodec.java:122)
at org.openqa.selenium.remote.http.W3CHttpResponseCodec.decode(W3CHttpResponseCodec.java:49)
at org.openqa.selenium.remote.HttpCommandExecutor.execute(HttpCommandExecutor.java:158)
at org.openqa.selenium.remote.service.DriverCommandExecutor.execute(DriverCommandExecutor.java:83)
at org.openqa.selenium.remote.RemoteWebDriver.execute(RemoteWebDriver.java:552)
at org.openqa.selenium.remote.RemoteWebDriver.findElement(RemoteWebDriver.java:323)
at org.openqa.selenium.remote.RemoteWebDriver.findElementByXPath(RemoteWebDriver.java:428)
at org.openqa.selenium.By$ByXPath.findElement(By.java:353)
at org.openqa.selenium.remote.RemoteWebDriver.findElement(RemoteWebDriver.java:315)
at com.pages.BuyPage.selectItem(BuyPage.java:61)
at DemoStepDef.BuyItem.user_selects_product(BuyItem.java:34)
at âœ½.User Selects Product(file:///C:/Users/Adarsh2299/eclipse-workspace/DemoBlaze/./src/test/java/DemoFeatures/Buy.feature:7)
]]>
    </error>
  </testcase> <!-- runScenario -->
  <system-out/>
  <testcase classname="DemoMyRunner.DemoTestRunner" name="runScenario" time="7.484"/>
  <system-out/>
  <testcase classname="DemoMyRunner.DemoTestRunner" name="runScenario" time="0.024"/>
  <system-out/>
  <testcase classname="DemoMyRunner.DemoTestRunner" name="runScenario" time="9.519"/>
  <system-out/>
  <testcase classname="DemoMyRunner.DemoTestRunner" name="runScenario" time="19.515"/>
  <system-out/>
  <testcase classname="DemoMyRunner.DemoTestRunner" name="runScenario" time="11.166"/>
  <system-out/>
  <testcase classname="DemoMyRunner.DemoTestRunner" name="runScenario" time="13.425"/>
  <system-out/>
  <testcase classname="DemoMyRunner.DemoTestRunner" name="runScenario" time="7.239"/>
  <system-out/>
</testsuite> <!-- DemoMyRunner.DemoTestRunner -->
